Using pre-set license
Built from '6000.0/staging' branch; Version is '6000.0.56f1 (9c7b5e468860) revision 10255198'; Using compiler version '193933523'; Build Type 'Release'
OS: 'Windows 11  (10.0.26100) 64bit Enterprise' Language: 'en' Physical Memory: 65241 MB
BatchMode: 1, IsHumanControllingUs: 0, StartBugReporterOnCrash: 0, Is64bit: 1
Date: 2025-09-24T14:39:56Z

COMMAND LINE ARGUMENTS:
C:\Program Files\Unity\Hub\Editor\6000.0.56f1\Editor\Unity.exe
-adb2
-batchMode
-noUpm
-name
AssetImportWorker14
-projectPath
C:/Users/F.Tjahjana1/Documents/GitHub/cupicafe/cupicafe
-logFile
Logs/AssetImportWorker14.log
-srvPort
63174
-job-worker-count
15
-background-job-worker-count
8
-gc-helper-count
1
-name
AssetImport
Successfully changed project path to: C:/Users/F.Tjahjana1/Documents/GitHub/cupicafe/cupicafe
C:/Users/F.Tjahjana1/Documents/GitHub/cupicafe/cupicafe
[UnityMemory] Configuration Parameters - Can be set up in boot.config
    "memorysetup-bucket-allocator-granularity=16"
    "memorysetup-bucket-allocator-bucket-count=8"
    "memorysetup-bucket-allocator-block-size=33554432"
    "memorysetup-bucket-allocator-block-count=8"
    "memorysetup-main-allocator-block-size=16777216"
    "memorysetup-thread-allocator-block-size=16777216"
    "memorysetup-gfx-main-allocator-block-size=16777216"
    "memorysetup-gfx-thread-allocator-block-size=16777216"
    "memorysetup-cache-allocator-block-size=4194304"
    "memorysetup-typetree-allocator-block-size=2097152"
    "memorysetup-profiler-bucket-allocator-granularity=16"
    "memorysetup-profiler-bucket-allocator-bucket-count=8"
    "memorysetup-profiler-bucket-allocator-block-size=33554432"
    "memorysetup-profiler-bucket-allocator-block-count=8"
    "memorysetup-profiler-allocator-block-size=16777216"
    "memorysetup-profiler-editor-allocator-block-size=1048576"
    "memorysetup-temp-allocator-size-main=16777216"
    "memorysetup-job-temp-allocator-block-size=2097152"
    "memorysetup-job-temp-allocator-block-size-background=1048576"
    "memorysetup-job-temp-allocator-reduction-small-platforms=262144"
    "memorysetup-allocator-temp-initial-block-size-main=262144"
    "memorysetup-allocator-temp-initial-block-size-worker=262144"
    "memorysetup-temp-allocator-size-background-worker=32768"
    "memorysetup-temp-allocator-size-job-worker=262144"
    "memorysetup-temp-allocator-size-preload-manager=33554432"
    "memorysetup-temp-allocator-size-nav-mesh-worker=65536"
    "memorysetup-temp-allocator-size-audio-worker=65536"
    "memorysetup-temp-allocator-size-cloud-worker=32768"
    "memorysetup-temp-allocator-size-gi-baking-worker=262144"
    "memorysetup-temp-allocator-size-gi-baking-worker=262144"
    "memorysetup-temp-allocator-size-gi-baking-worker=262144"
    "memorysetup-temp-allocator-size-gi-baking-worker=262144"
    "memorysetup-temp-allocator-size-gi-baking-worker=262144"
    "memorysetup-temp-allocator-size-gfx=262144"
Player connection [39920]  Target information:

Player connection [39920]  * "[IP] 10.6.28.197 [Port] 0 [Flags] 2 [Guid] 3817058928 [EditorId] 3817058928 [Version] 1048832 [Id] WindowsEditor(7,DW003949) [Debug] 1 [PackageName] WindowsEditor [ProjectName] Editor" 

Player connection [39920] Host joined multi-casting on [225.0.0.222:54997]...
Player connection [39920] Host joined alternative multi-casting on [225.0.0.222:34997]...
JobSystem: Creating JobQueue using job-worker-count value 15
Input System module state changed to: Initialized.
[Physics::Module] Initialized fallback backend.
[Physics::Module] Id: 0xdecafbad
Library Redirect Path: Library/
[Physics::Module] Selected backend.
[Physics::Module] Name: PhysX
[Physics::Module] Id: 0xf2b8ea05
[Physics::Module] SDK Version: 4.1.2
[Physics::Module] Integration Version: 1.0.0
[Physics::Module] Threading Mode: Multi-Threaded
Refreshing native plugins compatible for Editor in 4.03 ms, found 3 plugins.
Preloading 0 native plugins for Editor in 0.00 ms.
Initialize engine version: 6000.0.56f1 (9c7b5e468860)
[Subsystems] Discovering subsystems at path C:/Program Files/Unity/Hub/Editor/6000.0.56f1/Editor/Data/Resources/UnitySubsystems
[Subsystems] Discovering subsystems at path C:/Users/F.Tjahjana1/Documents/GitHub/cupicafe/cupicafe/Assets
GfxDevice: creating device client; kGfxThreadingModeNonThreaded
Direct3D:
    Version:  Direct3D 11.0 [level 11.1]
    Renderer: NVIDIA GeForce RTX 4070 Ti SUPER (ID=0x2705)
    Vendor:   NVIDIA
    VRAM:     16063 MB
    Driver:   32.0.15.7697
Initialize mono
Mono path[0] = 'C:/Program Files/Unity/Hub/Editor/6000.0.56f1/Editor/Data/Managed'
Mono path[1] = 'C:/Program Files/Unity/Hub/Editor/6000.0.56f1/Editor/Data/MonoBleedingEdge/lib/mono/unityjit-win32'
Mono config path = 'C:/Program Files/Unity/Hub/Editor/6000.0.56f1/Editor/Data/MonoBleedingEdge/etc'
Using monoOptions --debugger-agent=transport=dt_socket,embedding=1,server=y,suspend=n,address=127.0.0.1:56092
Begin MonoManager ReloadAssembly
Registering precompiled unity dll's ...
Register platform support module: C:/Program Files/Unity/Hub/Editor/6000.0.56f1/Editor/Data/PlaybackEngines/WebGLSupport/UnityEditor.WebGL.Extensions.dll
Register platform support module: C:/Program Files/Unity/Hub/Editor/6000.0.56f1/Editor/Data/PlaybackEngines/MacStandaloneSupport/UnityEditor.OSXStandalone.Extensions.dll
Register platform support module: C:/Program Files/Unity/Hub/Editor/6000.0.56f1/Editor/Data/PlaybackEngines/WindowsStandaloneSupport/UnityEditor.WindowsStandalone.Extensions.dll
Register platform support module: C:/Program Files/Unity/Hub/Editor/6000.0.56f1/Editor/Data/PlaybackEngines/MetroSupport/UnityEditor.UWP.Extensions.dll
Register platform support module: C:/Program Files/Unity/Hub/Editor/6000.0.56f1/Editor/Data/PlaybackEngines/AndroidPlayer/UnityEditor.Android.Extensions.dll
Register platform support module: C:/Program Files/Unity/Hub/Editor/6000.0.56f1/Editor/Data/PlaybackEngines/iOSSupport/UnityEditor.iOS.Extensions.dll
Registered in 0.010721 seconds.
- Loaded All Assemblies, in  0.302 seconds
[usbmuxd] Start listen thread
[usbmuxd] Listen thread started
Native extension for iOS target not found
Native extension for Android target not found
Android Extension - Scanning For ADB Devices 343 ms
Native extension for UWP target not found
Native extension for WindowsStandalone target not found
Native extension for OSXStandalone target not found
Native extension for WebGL target not found
Mono: successfully reloaded assembly
- Finished resetting the current domain, in  0.577 seconds
Domain Reload Profiling: 877ms
	BeginReloadAssembly (110ms)
		ExecutionOrderSort (0ms)
		DisableScriptedObjects (0ms)
		BackupInstance (0ms)
		ReleaseScriptingObjects (0ms)
		CreateAndSetChildDomain (1ms)
	RebuildCommonClasses (26ms)
	RebuildNativeTypeToScriptingClass (7ms)
	initialDomainReloadingComplete (38ms)
	LoadAllAssembliesAndSetupDomain (119ms)
		LoadAssemblies (113ms)
		RebuildTransferFunctionScriptingTraits (0ms)
		AnalyzeDomain (113ms)
			TypeCache.Refresh (112ms)
				TypeCache.ScanAssembly (102ms)
			BuildScriptInfoCaches (0ms)
			ResolveRequiredComponents (0ms)
	FinalizeReload (577ms)
		ReleaseScriptCaches (0ms)
		RebuildScriptCaches (0ms)
		SetupLoadedEditorAssemblies (550ms)
			LogAssemblyErrors (0ms)
			InitializePlatformSupportModulesInManaged (422ms)
			SetLoadedEditorAssemblies (2ms)
			BeforeProcessingInitializeOnLoad (31ms)
			ProcessInitializeOnLoadAttributes (63ms)
			ProcessInitializeOnLoadMethodAttributes (32ms)
			AfterProcessingInitializeOnLoad (0ms)
			EditorAssembliesLoaded (0ms)
		ExecutionOrderSort2 (0ms)
		AwakeInstancesAfterBackupRestoration (0ms)
========================================================================
Worker process is ready to serve import requests
Import Worker Mode flag is 0x00
Begin MonoManager ReloadAssembly
- Loaded All Assemblies, in  3.836 seconds
Refreshing native plugins compatible for Editor in 2.29 ms, found 3 plugins.
Native extension for iOS target not found
Native extension for Android target not found
Native extension for UWP target not found
Native extension for WindowsStandalone target not found
Native extension for OSXStandalone target not found
Native extension for WebGL target not found
Package Manager log level set to [2]
[Package Manager] Failed to launch server process. Reason: Unity was launched with the -noUpm command-line argument
[Package Manager] Unable to send message (not connected to server process).
[Package Manager] Cannot connect to Unity Package Manager local server
Mono: successfully reloaded assembly
- Finished resetting the current domain, in  0.460 seconds
Domain Reload Profiling: 4294ms
	BeginReloadAssembly (134ms)
		ExecutionOrderSort (0ms)
		DisableScriptedObjects (3ms)
		BackupInstance (0ms)
		ReleaseScriptingObjects (0ms)
		CreateAndSetChildDomain (18ms)
	RebuildCommonClasses (24ms)
	RebuildNativeTypeToScriptingClass (7ms)
	initialDomainReloadingComplete (28ms)
	LoadAllAssembliesAndSetupDomain (3642ms)
		LoadAssemblies (3567ms)
		RebuildTransferFunctionScriptingTraits (0ms)
		AnalyzeDomain (162ms)
			TypeCache.Refresh (122ms)
				TypeCache.ScanAssembly (107ms)
			BuildScriptInfoCaches (31ms)
			ResolveRequiredComponents (6ms)
	FinalizeReload (461ms)
		ReleaseScriptCaches (0ms)
		RebuildScriptCaches (0ms)
		SetupLoadedEditorAssemblies (308ms)
			LogAssemblyErrors (0ms)
			InitializePlatformSupportModulesInManaged (16ms)
			SetLoadedEditorAssemblies (3ms)
			BeforeProcessingInitializeOnLoad (63ms)
			ProcessInitializeOnLoadAttributes (198ms)
			ProcessInitializeOnLoadMethodAttributes (26ms)
			AfterProcessingInitializeOnLoad (3ms)
			EditorAssembliesLoaded (0ms)
		ExecutionOrderSort2 (0ms)
		AwakeInstancesAfterBackupRestoration (5ms)
Launched and connected shader compiler UnityShaderCompiler.exe after 0.03 seconds
Refreshing native plugins compatible for Editor in 2.75 ms, found 3 plugins.
Preloading 0 native plugins for Editor in 0.00 ms.
Unloading 31 Unused Serialized files (Serialized files now loaded: 0)
Unloading 6085 unused Assets / (6.0 MB). Loaded Objects now: 6740.
Memory consumption went from 140.4 MB to 134.4 MB.
Total: 5.710000 ms (FindLiveObjects: 0.380700 ms CreateObjectMapping: 0.291200 ms MarkObjects: 3.325200 ms  DeleteObjects: 1.712300 ms)

========================================================================
Received Import Request.
  Time since last request: 5669.242666 seconds.
  path: Assets/Readme.asset
  artifactKey: Guid(8105016687592461f977c054a80ce2f2) Importer(2089858483,192608db42251d675da83286b1cce702)
Start importing Assets/Readme.asset using Guid(8105016687592461f977c054a80ce2f2) Importer(2089858483,192608db42251d675da83286b1cce702) (ScriptedImporter) -> (artifact id: '8c720a54c0ca7987c7811cb38626b38d') in 0.1226793 seconds
Number of updated asset objects reloaded before import = 0Number of asset objects unloaded after import = 2

========================================================================
Received Import Request.
  Time since last request: 0.000024 seconds.
  path: Assets/3D models/source/Misti9/Misti9/b87e6.png
  artifactKey: Guid(844a4cfb7dc7cfb418f884f26bdeaf1a) Importer(2089858483,192608db42251d675da83286b1cce702)
Start importing Assets/3D models/source/Misti9/Misti9/b87e6.png using Guid(844a4cfb7dc7cfb418f884f26bdeaf1a) Importer(2089858483,192608db42251d675da83286b1cce702) (ScriptedImporter) -> (artifact id: '2a0b0e68b5724661e31e8da60c91bf4e') in 0.0328051 seconds
Number of updated asset objects reloaded before import = 0Number of asset objects unloaded after import = 1

========================================================================
Received Import Request.
  Time since last request: 0.000030 seconds.
  path: Assets/3D models/textures/il_fullxfull.1123419681_6ucv.jpeg
  artifactKey: Guid(9296f7e40a4af3847bd51824dc9ff00e) Importer(2089858483,192608db42251d675da83286b1cce702)
Start importing Assets/3D models/textures/il_fullxfull.1123419681_6ucv.jpeg using Guid(9296f7e40a4af3847bd51824dc9ff00e) Importer(2089858483,192608db42251d675da83286b1cce702) (ScriptedImporter) -> (artifact id: 'fa752649280ee64d58d7f65e8ccee0cf') in 0.0085383 seconds
Number of updated asset objects reloaded before import = 0Number of asset objects unloaded after import = 1

========================================================================
Received Import Request.
  Time since last request: 0.000013 seconds.
  path: Assets/3D models/source/Misti9/Misti9/Asphalt_C_Diff.jpg
  artifactKey: Guid(6a37a9304f4a2c548af07b1808eb3a85) Importer(2089858483,192608db42251d675da83286b1cce702)
Start importing Assets/3D models/source/Misti9/Misti9/Asphalt_C_Diff.jpg using Guid(6a37a9304f4a2c548af07b1808eb3a85) Importer(2089858483,192608db42251d675da83286b1cce702) (ScriptedImporter) -> (artifact id: '4799f5464d16fc9f0a659a24c1d33db1') in 0.0111072 seconds
Number of updated asset objects reloaded before import = 0Number of asset objects unloaded after import = 1

========================================================================
Received Import Request.
  Time since last request: 0.000017 seconds.
  path: Assets/3D models/source/Misti9/Misti9/Tiles_G_Bump.jpg
  artifactKey: Guid(f15591816193ce3408f410912216a807) Importer(2089858483,192608db42251d675da83286b1cce702)
Start importing Assets/3D models/source/Misti9/Misti9/Tiles_G_Bump.jpg using Guid(f15591816193ce3408f410912216a807) Importer(2089858483,192608db42251d675da83286b1cce702) (ScriptedImporter) -> (artifact id: '48b9ccb18748a7e3ff489b2827a917cf') in 0.0151681 seconds
Number of updated asset objects reloaded before import = 0Number of asset objects unloaded after import = 1

========================================================================
Received Import Request.
  Time since last request: 0.000029 seconds.
  path: Assets/3D models/source/Misti9/Misti9/Paper_A_Diff_01.jpg
  artifactKey: Guid(24d6135d9c8a0e0438f1358428d52f5c) Importer(2089858483,192608db42251d675da83286b1cce702)
Start importing Assets/3D models/source/Misti9/Misti9/Paper_A_Diff_01.jpg using Guid(24d6135d9c8a0e0438f1358428d52f5c) Importer(2089858483,192608db42251d675da83286b1cce702) (ScriptedImporter) -> (artifact id: 'a8b45b1bfea142aef03f3e3aebca0e6b') in 0.0144792 seconds
Number of updated asset objects reloaded before import = 0Number of asset objects unloaded after import = 1

========================================================================
Received Import Request.
  Time since last request: 0.000018 seconds.
  path: Assets/3D models/source/Misti9/Misti9/Fabric_B_Diff.jpg
  artifactKey: Guid(bc887173b7d71b747bcf16878f956f23) Importer(2089858483,192608db42251d675da83286b1cce702)
Start importing Assets/3D models/source/Misti9/Misti9/Fabric_B_Diff.jpg using Guid(bc887173b7d71b747bcf16878f956f23) Importer(2089858483,192608db42251d675da83286b1cce702) (ScriptedImporter) -> (artifact id: '9b8488b5748432659413a6709907afe3') in 0.0095327 seconds
Number of updated asset objects reloaded before import = 0Number of asset objects unloaded after import = 1

========================================================================
Received Import Request.
  Time since last request: 0.000017 seconds.
  path: Assets/3D models/textures/Laminate_D02_Diff.jpeg
  artifactKey: Guid(7b0fdbc8279b6f64abb32914a969da6e) Importer(2089858483,192608db42251d675da83286b1cce702)
Start importing Assets/3D models/textures/Laminate_D02_Diff.jpeg using Guid(7b0fdbc8279b6f64abb32914a969da6e) Importer(2089858483,192608db42251d675da83286b1cce702) (ScriptedImporter) -> (artifact id: 'd249d17b151b540d0a0a84657df11306') in 0.01012 seconds
Number of updated asset objects reloaded before import = 0Number of asset objects unloaded after import = 1

========================================================================
Received Import Request.
  Time since last request: 0.000039 seconds.
  path: Assets/3D models/source/Misti9/Misti9/Grass_A_Diff.jpg
  artifactKey: Guid(c455e0c6b2767ed469308be29995c96d) Importer(2089858483,192608db42251d675da83286b1cce702)
Start importing Assets/3D models/source/Misti9/Misti9/Grass_A_Diff.jpg using Guid(c455e0c6b2767ed469308be29995c96d) Importer(2089858483,192608db42251d675da83286b1cce702) (ScriptedImporter) -> (artifact id: 'a33df8b6a8594371728a38379e6c8d18') in 0.0098443 seconds
Number of updated asset objects reloaded before import = 0Number of asset objects unloaded after import = 1

========================================================================
Received Import Request.
  Time since last request: 0.000013 seconds.
  path: Assets/3D models/textures/Grass_A_Diff.jpeg
  artifactKey: Guid(7e487b6dfb459134e964a8dfde97ad39) Importer(2089858483,192608db42251d675da83286b1cce702)
Start importing Assets/3D models/textures/Grass_A_Diff.jpeg using Guid(7e487b6dfb459134e964a8dfde97ad39) Importer(2089858483,192608db42251d675da83286b1cce702) (ScriptedImporter) -> (artifact id: 'dee8ee08c53e356c2d6e4678af83ae85') in 0.0116844 seconds
Number of updated asset objects reloaded before import = 0Number of asset objects unloaded after import = 1

========================================================================
Received Import Request.
  Time since last request: 0.000016 seconds.
  path: Assets/3D models/source/Misti9/Misti9/Stone_E_Bump_01.jpg
  artifactKey: Guid(0102b96346a2d1d4dab8ce5d6e100e63) Importer(2089858483,192608db42251d675da83286b1cce702)
Start importing Assets/3D models/source/Misti9/Misti9/Stone_E_Bump_01.jpg using Guid(0102b96346a2d1d4dab8ce5d6e100e63) Importer(2089858483,192608db42251d675da83286b1cce702) (ScriptedImporter) -> (artifact id: '5c5e79eca83ac0e079389cc5b8182214') in 0.0089641 seconds
Number of updated asset objects reloaded before import = 0Number of asset objects unloaded after import = 1

========================================================================
Received Import Request.
  Time since last request: 0.000025 seconds.
  path: Assets/Scenes/SampleScene.unity
  artifactKey: Guid(99c9720ab356a0642a771bea13969a05) Importer(2089858483,192608db42251d675da83286b1cce702)
Start importing Assets/Scenes/SampleScene.unity using Guid(99c9720ab356a0642a771bea13969a05) Importer(2089858483,192608db42251d675da83286b1cce702) (ScriptedImporter) -> (artifact id: '932ae35768dfc18fe4ece7fd4989bf11') in 0.0092301 seconds
Number of updated asset objects reloaded before import = 0Number of asset objects unloaded after import = 1

========================================================================
Received Import Request.
  Time since last request: 0.000017 seconds.
  path: Assets/3D models/textures/Tiles_L_Diff_01.jpeg
  artifactKey: Guid(8f50cb195f9d2a441bf3fded5545a9af) Importer(2089858483,192608db42251d675da83286b1cce702)
Start importing Assets/3D models/textures/Tiles_L_Diff_01.jpeg using Guid(8f50cb195f9d2a441bf3fded5545a9af) Importer(2089858483,192608db42251d675da83286b1cce702) (ScriptedImporter) -> (artifact id: 'a73a262daa1da0a4cf0c2526fa52f6b0') in 0.0116807 seconds
Number of updated asset objects reloaded before import = 0Number of asset objects unloaded after import = 1

========================================================================
Received Import Request.
  Time since last request: 0.000021 seconds.
  path: Assets/3D models/textures/Paper_A_Diff_01.jpeg
  artifactKey: Guid(77239cfacde1bd64288dbe2972da202e) Importer(2089858483,192608db42251d675da83286b1cce702)
Start importing Assets/3D models/textures/Paper_A_Diff_01.jpeg using Guid(77239cfacde1bd64288dbe2972da202e) Importer(2089858483,192608db42251d675da83286b1cce702) (ScriptedImporter) -> (artifact id: '1c2501b27b0fb0f70f500fa6854eb3bc') in 0.0091704 seconds
Number of updated asset objects reloaded before import = 0Number of asset objects unloaded after import = 1

========================================================================
Received Import Request.
  Time since last request: 0.000024 seconds.
  path: Assets/3D models/textures/Body Black.jpeg
  artifactKey: Guid(cf69aaaee25530e43a9ea5ec7baf6d15) Importer(2089858483,192608db42251d675da83286b1cce702)
Start importing Assets/3D models/textures/Body Black.jpeg using Guid(cf69aaaee25530e43a9ea5ec7baf6d15) Importer(2089858483,192608db42251d675da83286b1cce702) (ScriptedImporter) -> (artifact id: '1c20eb43aad38f62f6a02b8127ff3029') in 0.0152876 seconds
Number of updated asset objects reloaded before import = 0Number of asset objects unloaded after import = 1

========================================================================
Received Import Request.
  Time since last request: 0.000012 seconds.
  path: Assets/3D models/source/Misti9/Misti9/Soil_B_Diff.jpg
  artifactKey: Guid(0b0f05299e443f3429ac971aeea05cf9) Importer(2089858483,192608db42251d675da83286b1cce702)
Start importing Assets/3D models/source/Misti9/Misti9/Soil_B_Diff.jpg using Guid(0b0f05299e443f3429ac971aeea05cf9) Importer(2089858483,192608db42251d675da83286b1cce702) (ScriptedImporter) -> (artifact id: '812356abed7dc90a469a9e3b7b7d92c9') in 0.0158352 seconds
Number of updated asset objects reloaded before import = 0Number of asset objects unloaded after import = 1

========================================================================
Received Import Request.
  Time since last request: 0.000015 seconds.
  path: Assets/TutorialInfo/Icons/URP.png
  artifactKey: Guid(727a75301c3d24613a3ebcec4a24c2c8) Importer(2089858483,192608db42251d675da83286b1cce702)
Start importing Assets/TutorialInfo/Icons/URP.png using Guid(727a75301c3d24613a3ebcec4a24c2c8) Importer(2089858483,192608db42251d675da83286b1cce702) (ScriptedImporter) -> (artifact id: 'fc18ecd88ecdc8ba161f21fe13e4d96b') in 0.0281322 seconds
Number of updated asset objects reloaded before import = 0Number of asset objects unloaded after import = 1

========================================================================
Received Import Request.
  Time since last request: 0.000023 seconds.
  path: Assets/3D models/source/Misti9/Misti9/Paper_C_Diff_01.jpg
  artifactKey: Guid(637655d79b4341f4fbe693e95626150b) Importer(2089858483,192608db42251d675da83286b1cce702)
Start importing Assets/3D models/source/Misti9/Misti9/Paper_C_Diff_01.jpg using Guid(637655d79b4341f4fbe693e95626150b) Importer(2089858483,192608db42251d675da83286b1cce702) (ScriptedImporter) -> (artifact id: 'b5ba9339c1f2054c7c340c928be8d45f') in 0.0131921 seconds
Number of updated asset objects reloaded before import = 0Number of asset objects unloaded after import = 1

========================================================================
Received Import Request.
  Time since last request: 0.000013 seconds.
  path: Assets/3D models/textures/QUARTZ1.jpeg
  artifactKey: Guid(fb7ab5e3b1e57d044a0fd7c5633e3840) Importer(2089858483,192608db42251d675da83286b1cce702)
Start importing Assets/3D models/textures/QUARTZ1.jpeg using Guid(fb7ab5e3b1e57d044a0fd7c5633e3840) Importer(2089858483,192608db42251d675da83286b1cce702) (ScriptedImporter) -> (artifact id: 'a93c15c5d99b807547fddd123a340a53') in 0.0146762 seconds
Number of updated asset objects reloaded before import = 0Number of asset objects unloaded after import = 1

========================================================================
Received Import Request.
  Time since last request: 0.000017 seconds.
  path: Assets/3D models/source/Misti9/Misti9/No.68.jpg
  artifactKey: Guid(45a35b43a60ec1145bcb982f03f12b6f) Importer(2089858483,192608db42251d675da83286b1cce702)
Start importing Assets/3D models/source/Misti9/Misti9/No.68.jpg using Guid(45a35b43a60ec1145bcb982f03f12b6f) Importer(2089858483,192608db42251d675da83286b1cce702) (ScriptedImporter) -> (artifact id: '4aa27dab75d6a438a4ab96c207a05558') in 0.0226488 seconds
Number of updated asset objects reloaded before import = 0Number of asset objects unloaded after import = 1

========================================================================
Received Import Request.
  Time since last request: 0.000024 seconds.
  path: Assets/3D models/source/Misti9/Misti9/Veneer_D01_Bump.jpg
  artifactKey: Guid(e13c46ffc7816304baebfa0867f9f915) Importer(2089858483,192608db42251d675da83286b1cce702)
Start importing Assets/3D models/source/Misti9/Misti9/Veneer_D01_Bump.jpg using Guid(e13c46ffc7816304baebfa0867f9f915) Importer(2089858483,192608db42251d675da83286b1cce702) (ScriptedImporter) -> (artifact id: 'aa9e19b096d859e4e1f3eb3d3e5065fb') in 0.0220233 seconds
Number of updated asset objects reloaded before import = 0Number of asset objects unloaded after import = 1

========================================================================
Received Import Request.
  Time since last request: 0.000013 seconds.
  path: Assets/3D models/textures/Abstract Blue Square.png
  artifactKey: Guid(239bae76dbfc4db459364da66e362f78) Importer(2089858483,192608db42251d675da83286b1cce702)
Start importing Assets/3D models/textures/Abstract Blue Square.png using Guid(239bae76dbfc4db459364da66e362f78) Importer(2089858483,192608db42251d675da83286b1cce702) (ScriptedImporter) -> (artifact id: 'ce8db77cb201a59209e837fbd83bad5f') in 0.0121301 seconds
Number of updated asset objects reloaded before import = 0Number of asset objects unloaded after import = 1

========================================================================
Received Import Request.
  Time since last request: 0.000017 seconds.
  path: Assets/3D models/textures/Fabric_B_NM.jpeg
  artifactKey: Guid(718b3efdd41f7dd46917227eeb898c8f) Importer(2089858483,192608db42251d675da83286b1cce702)
Start importing Assets/3D models/textures/Fabric_B_NM.jpeg using Guid(718b3efdd41f7dd46917227eeb898c8f) Importer(2089858483,192608db42251d675da83286b1cce702) (ScriptedImporter) -> (artifact id: '7180c9b7da045d41fb21bba5184120c8') in 0.0135936 seconds
Number of updated asset objects reloaded before import = 0Number of asset objects unloaded after import = 1

========================================================================
Received Import Request.
  Time since last request: 0.000028 seconds.
  path: Assets/3D models/source/Misti9/Misti9/SUBTILE.jpg
  artifactKey: Guid(d478c30f69630d04eadd92d1f079481e) Importer(2089858483,192608db42251d675da83286b1cce702)
Start importing Assets/3D models/source/Misti9/Misti9/SUBTILE.jpg using Guid(d478c30f69630d04eadd92d1f079481e) Importer(2089858483,192608db42251d675da83286b1cce702) (ScriptedImporter) -> (artifact id: '5c822eafd35b83bbf2b3ede400837635') in 0.0099841 seconds
Number of updated asset objects reloaded before import = 0Number of asset objects unloaded after import = 1

========================================================================
Received Import Request.
  Time since last request: 0.000016 seconds.
  path: Assets/3D models/source/Misti9/Misti9/c04188069d47c27b0337686ddc595c8e.jpg
  artifactKey: Guid(6c44ed6732ce531429f0b9a14d090d27) Importer(2089858483,192608db42251d675da83286b1cce702)
Start importing Assets/3D models/source/Misti9/Misti9/c04188069d47c27b0337686ddc595c8e.jpg using Guid(6c44ed6732ce531429f0b9a14d090d27) Importer(2089858483,192608db42251d675da83286b1cce702) (ScriptedImporter) -> (artifact id: '3aebd7f7bdff7c9bfbab14dfe02c8669') in 0.0139967 seconds
Number of updated asset objects reloaded before import = 0Number of asset objects unloaded after import = 1

========================================================================
Received Import Request.
  Time since last request: 0.000017 seconds.
  path: Assets/3D models/source/Misti9/Misti9/SEAMLESS CONC.jpg
  artifactKey: Guid(79ae767f2cf223e40a9feecaaceeace0) Importer(2089858483,192608db42251d675da83286b1cce702)
Start importing Assets/3D models/source/Misti9/Misti9/SEAMLESS CONC.jpg using Guid(79ae767f2cf223e40a9feecaaceeace0) Importer(2089858483,192608db42251d675da83286b1cce702) (ScriptedImporter) -> (artifact id: '57083050642db4f828bff72bfe75f852') in 0.0158086 seconds
Number of updated asset objects reloaded before import = 0Number of asset objects unloaded after import = 1

========================================================================
Received Import Request.
  Time since last request: 0.000026 seconds.
  path: Assets/Settings/Mobile_RPAsset.asset
  artifactKey: Guid(5e6cbd92db86f4b18aec3ed561671858) Importer(2089858483,192608db42251d675da83286b1cce702)
Start importing Assets/Settings/Mobile_RPAsset.asset using Guid(5e6cbd92db86f4b18aec3ed561671858) Importer(2089858483,192608db42251d675da83286b1cce702) (ScriptedImporter) -> (artifact id: '3ecf95ac8778d70db7cdd46ec6c13dc4') in 0.0355518 seconds
Number of updated asset objects reloaded before import = 0Number of asset objects unloaded after import = 2

========================================================================
Received Import Request.
  Time since last request: 0.000014 seconds.
  path: Assets/3D models/source/Misti9/Misti9/Materials/Grass_A_Diff.mat
  artifactKey: Guid(1faf07e96f82eb14f9313f24ca2eb8af) Importer(2089858483,192608db42251d675da83286b1cce702)
Start importing Assets/3D models/source/Misti9/Misti9/Materials/Grass_A_Diff.mat using Guid(1faf07e96f82eb14f9313f24ca2eb8af) Importer(2089858483,192608db42251d675da83286b1cce702) (ScriptedImporter) -> (artifact id: 'dac6c91d3398946e5a1c85f6ac2d2fc5') in 0.0208374 seconds
Number of updated asset objects reloaded before import = 0Number of asset objects unloaded after import = 2

========================================================================
Received Import Request.
  Time since last request: 0.000019 seconds.
  path: Assets/3D models/source/Misti9/Misti9/menu.PNG
  artifactKey: Guid(1c6c1c764b2413f4e93de4e79b32f909) Importer(2089858483,192608db42251d675da83286b1cce702)
Start importing Assets/3D models/source/Misti9/Misti9/menu.PNG using Guid(1c6c1c764b2413f4e93de4e79b32f909) Importer(2089858483,192608db42251d675da83286b1cce702) (ScriptedImporter) -> (artifact id: 'df1fe2b152d754664e5d108e15163dc6') in 0.0120433 seconds
Number of updated asset objects reloaded before import = 0Number of asset objects unloaded after import = 1

========================================================================
Received Import Request.
  Time since last request: 0.000030 seconds.
  path: Assets/3D models/textures/Soil_B_Diff.jpeg
  artifactKey: Guid(619fa4c00c784f043bdd8a5d56df0661) Importer(2089858483,192608db42251d675da83286b1cce702)
Start importing Assets/3D models/textures/Soil_B_Diff.jpeg using Guid(619fa4c00c784f043bdd8a5d56df0661) Importer(2089858483,192608db42251d675da83286b1cce702) (ScriptedImporter) -> (artifact id: 'f31865e73c2196bdacc691cb52eb52b6') in 0.0153674 seconds
Number of updated asset objects reloaded before import = 0Number of asset objects unloaded after import = 1

========================================================================
Received Import Request.
  Time since last request: 0.000018 seconds.
  path: Assets/3D models/source/Misti9/Misti9/Paper_C_Bump_01.jpg
  artifactKey: Guid(2ae8bfaae1766074db29be7fc38d79e5) Importer(2089858483,192608db42251d675da83286b1cce702)
Start importing Assets/3D models/source/Misti9/Misti9/Paper_C_Bump_01.jpg using Guid(2ae8bfaae1766074db29be7fc38d79e5) Importer(2089858483,192608db42251d675da83286b1cce702) (ScriptedImporter) -> (artifact id: '512c40104ad801336c015055edfd5a33') in 0.0364402 seconds
Number of updated asset objects reloaded before import = 0Number of asset objects unloaded after import = 1

========================================================================
Received Import Request.
  Time since last request: 0.000029 seconds.
  path: Assets/3D models/textures/SEAMLESS CONC.jpeg
  artifactKey: Guid(871f6fc6e28a8d242b27b4b75e1f7c92) Importer(2089858483,192608db42251d675da83286b1cce702)
Start importing Assets/3D models/textures/SEAMLESS CONC.jpeg using Guid(871f6fc6e28a8d242b27b4b75e1f7c92) Importer(2089858483,192608db42251d675da83286b1cce702) (ScriptedImporter) -> (artifact id: 'b10429d960ccc1a8cfffbca816002c7b') in 0.021369 seconds
Number of updated asset objects reloaded before import = 0Number of asset objects unloaded after import = 1

========================================================================
Received Import Request.
  Time since last request: 0.000020 seconds.
  path: Assets/3D models/source/Misti9/Misti9/Grass_A_Bump.jpg
  artifactKey: Guid(7c0ab28232486ea4db105dda25fcf8b0) Importer(2089858483,192608db42251d675da83286b1cce702)
Start importing Assets/3D models/source/Misti9/Misti9/Grass_A_Bump.jpg using Guid(7c0ab28232486ea4db105dda25fcf8b0) Importer(2089858483,192608db42251d675da83286b1cce702) (ScriptedImporter) -> (artifact id: '8c2b12cf76e599cc1b7a2a1158f10122') in 0.019056 seconds
Number of updated asset objects reloaded before import = 0Number of asset objects unloaded after import = 1

========================================================================
Received Import Request.
  Time since last request: 0.000026 seconds.
  path: Assets/TutorialInfo/Scripts/Editor/ReadmeEditor.cs
  artifactKey: Guid(476cc7d7cd9874016adc216baab94a0a) Importer(2089858483,192608db42251d675da83286b1cce702)
Start importing Assets/TutorialInfo/Scripts/Editor/ReadmeEditor.cs using Guid(476cc7d7cd9874016adc216baab94a0a) Importer(2089858483,192608db42251d675da83286b1cce702) (ScriptedImporter) -> (artifact id: 'fa80ac6993fd70830fc71868f8aee498') in 0.010808 seconds
Number of updated asset objects reloaded before import = 0Number of asset objects unloaded after import = 0

========================================================================
Received Import Request.
  Time since last request: 0.000016 seconds.
  path: Assets/Settings/UniversalRenderPipelineGlobalSettings.asset
  artifactKey: Guid(18dc0cd2c080841dea60987a38ce93fa) Importer(2089858483,192608db42251d675da83286b1cce702)
Start importing Assets/Settings/UniversalRenderPipelineGlobalSettings.asset using Guid(18dc0cd2c080841dea60987a38ce93fa) Importer(2089858483,192608db42251d675da83286b1cce702) (ScriptedImporter) -> (artifact id: '08263dca0dfd1235aa1efc990a451250') in 0.0553684 seconds
Number of updated asset objects reloaded before import = 0Number of asset objects unloaded after import = 0

Editor requested this worker to shutdown with reason: Scaling down because of idle timeout
AssetImportWorker is now disconnected from the server
Process exiting
Exiting without the bug reporter. Application will terminate with return code 0