Using pre-set license
Built from '6000.0/staging' branch; Version is '6000.0.56f1 (9c7b5e468860) revision 10255198'; Using compiler version '193933523'; Build Type 'Release'
OS: 'Windows 11  (10.0.26100) 64bit Professional' Language: 'en' Physical Memory: 16023 MB
BatchMode: 1, IsHumanControllingUs: 0, StartBugReporterOnCrash: 0, Is64bit: 1
Date: 2025-12-16T13:14:14Z

COMMAND LINE ARGUMENTS:
C:\Program Files\Unity\Hub\Editor\6000.0.56f1\Editor\Unity.exe
-adb2
-batchMode
-noUpm
-name
AssetImportWorker4
-projectPath
C:/Users/franc/OneDrive/Coding (for fun!!)/REPOS/cupicafe/cupicafe
-logFile
Logs/AssetImportWorker4.log
-srvPort
64217
-job-worker-count
3
-background-job-worker-count
8
-gc-helper-count
1
-name
AssetImport
Successfully changed project path to: C:/Users/franc/OneDrive/Coding (for fun!!)/REPOS/cupicafe/cupicafe
C:/Users/franc/OneDrive/Coding (for fun!!)/REPOS/cupicafe/cupicafe
[UnityMemory] Configuration Parameters - Can be set up in boot.config
    "memorysetup-bucket-allocator-granularity=16"
    "memorysetup-bucket-allocator-bucket-count=8"
    "memorysetup-bucket-allocator-block-size=33554432"
    "memorysetup-bucket-allocator-block-count=8"
    "memorysetup-main-allocator-block-size=16777216"
    "memorysetup-thread-allocator-block-size=16777216"
    "memorysetup-gfx-main-allocator-block-size=16777216"
    "memorysetup-gfx-thread-allocator-block-size=16777216"
    "memorysetup-cache-allocator-block-size=4194304"
    "memorysetup-typetree-allocator-block-size=2097152"
    "memorysetup-profiler-bucket-allocator-granularity=16"
    "memorysetup-profiler-bucket-allocator-bucket-count=8"
    "memorysetup-profiler-bucket-allocator-block-size=33554432"
    "memorysetup-profiler-bucket-allocator-block-count=8"
    "memorysetup-profiler-allocator-block-size=16777216"
    "memorysetup-profiler-editor-allocator-block-size=1048576"
    "memorysetup-temp-allocator-size-main=16777216"
    "memorysetup-job-temp-allocator-block-size=2097152"
    "memorysetup-job-temp-allocator-block-size-background=1048576"
    "memorysetup-job-temp-allocator-reduction-small-platforms=262144"
    "memorysetup-allocator-temp-initial-block-size-main=262144"
    "memorysetup-allocator-temp-initial-block-size-worker=262144"
    "memorysetup-temp-allocator-size-background-worker=32768"
    "memorysetup-temp-allocator-size-job-worker=262144"
    "memorysetup-temp-allocator-size-preload-manager=33554432"
    "memorysetup-temp-allocator-size-nav-mesh-worker=65536"
    "memorysetup-temp-allocator-size-audio-worker=65536"
    "memorysetup-temp-allocator-size-cloud-worker=32768"
    "memorysetup-temp-allocator-size-gi-baking-worker=262144"
    "memorysetup-temp-allocator-size-gi-baking-worker=262144"
    "memorysetup-temp-allocator-size-gi-baking-worker=262144"
    "memorysetup-temp-allocator-size-gi-baking-worker=262144"
    "memorysetup-temp-allocator-size-gi-baking-worker=262144"
    "memorysetup-temp-allocator-size-gfx=262144"
Player connection [64248]  Target information:

Player connection [64248]  * "[IP] 10.216.66.254 [Port] 0 [Flags] 2 [Guid] 4205708033 [EditorId] 4205708033 [Version] 1048832 [Id] WindowsEditor(7,Boby_Laptop) [Debug] 1 [PackageName] WindowsEditor [ProjectName] Editor" 

Player connection [64248] Host joined multi-casting on [225.0.0.222:54997]...
Player connection [64248] Host joined alternative multi-casting on [225.0.0.222:34997]...
JobSystem: Creating JobQueue using job-worker-count value 3
Input System module state changed to: Initialized.
[Physics::Module] Initialized fallback backend.
[Physics::Module] Id: 0xdecafbad
Library Redirect Path: Library/
[Physics::Module] Selected backend.
[Physics::Module] Name: PhysX
[Physics::Module] Id: 0xf2b8ea05
[Physics::Module] SDK Version: 4.1.2
[Physics::Module] Integration Version: 1.0.0
[Physics::Module] Threading Mode: Multi-Threaded
Refreshing native plugins compatible for Editor in 196.86 ms, found 2 plugins.
Preloading 0 native plugins for Editor in 0.00 ms.
Initialize engine version: 6000.0.56f1 (9c7b5e468860)
[Subsystems] Discovering subsystems at path C:/Program Files/Unity/Hub/Editor/6000.0.56f1/Editor/Data/Resources/UnitySubsystems
[Subsystems] Discovering subsystems at path C:/Users/franc/OneDrive/Coding (for fun!!)/REPOS/cupicafe/cupicafe/Assets
GfxDevice: creating device client; kGfxThreadingModeNonThreaded
Direct3D:
    Version:  Direct3D 11.0 [level 11.1]
    Renderer: Intel(R) Iris(R) Xe Graphics (ID=0x9a40)
    Vendor:   Intel
    VRAM:     8011 MB
    Driver:   32.0.101.6556
Initialize mono
Mono path[0] = 'C:/Program Files/Unity/Hub/Editor/6000.0.56f1/Editor/Data/Managed'
Mono path[1] = 'C:/Program Files/Unity/Hub/Editor/6000.0.56f1/Editor/Data/MonoBleedingEdge/lib/mono/unityjit-win32'
Mono config path = 'C:/Program Files/Unity/Hub/Editor/6000.0.56f1/Editor/Data/MonoBleedingEdge/etc'
Using monoOptions --debugger-agent=transport=dt_socket,embedding=1,server=y,suspend=n,address=127.0.0.1:56468
Begin MonoManager ReloadAssembly
Registering precompiled unity dll's ...
Register platform support module: C:/Program Files/Unity/Hub/Editor/6000.0.56f1/Editor/Data/PlaybackEngines/WindowsStandaloneSupport/UnityEditor.WindowsStandalone.Extensions.dll
Registered in 0.356739 seconds.
- Loaded All Assemblies, in 10.823 seconds
Native extension for WindowsStandalone target not found
Mono: successfully reloaded assembly
- Finished resetting the current domain, in  7.712 seconds
Domain Reload Profiling: 18502ms
	BeginReloadAssembly (2363ms)
		ExecutionOrderSort (0ms)
		DisableScriptedObjects (0ms)
		BackupInstance (0ms)
		ReleaseScriptingObjects (0ms)
		CreateAndSetChildDomain (4ms)
	RebuildCommonClasses (1659ms)
	RebuildNativeTypeToScriptingClass (173ms)
	initialDomainReloadingComplete (779ms)
	LoadAllAssembliesAndSetupDomain (5813ms)
		LoadAssemblies (2344ms)
		RebuildTransferFunctionScriptingTraits (0ms)
		AnalyzeDomain (5771ms)
			TypeCache.Refresh (5763ms)
				TypeCache.ScanAssembly (5611ms)
			BuildScriptInfoCaches (1ms)
			ResolveRequiredComponents (2ms)
	FinalizeReload (7715ms)
		ReleaseScriptCaches (0ms)
		RebuildScriptCaches (0ms)
		SetupLoadedEditorAssemblies (6874ms)
			LogAssemblyErrors (0ms)
			InitializePlatformSupportModulesInManaged (779ms)
			SetLoadedEditorAssemblies (301ms)
			BeforeProcessingInitializeOnLoad (2552ms)
			ProcessInitializeOnLoadAttributes (2309ms)
			ProcessInitializeOnLoadMethodAttributes (930ms)
			AfterProcessingInitializeOnLoad (0ms)
			EditorAssembliesLoaded (2ms)
		ExecutionOrderSort2 (0ms)
		AwakeInstancesAfterBackupRestoration (0ms)
========================================================================
Worker process is ready to serve import requests
Import Worker Mode flag is 0x00
Begin MonoManager ReloadAssembly
- Loaded All Assemblies, in 15.098 seconds
Refreshing native plugins compatible for Editor in 8.00 ms, found 2 plugins.
Native extension for WindowsStandalone target not found
Package Manager log level set to [2]
[Package Manager] Failed to launch server process. Reason: Unity was launched with the -noUpm command-line argument
[Package Manager] Unable to send message (not connected to server process).
[Package Manager] Cannot connect to Unity Package Manager local server
Mono: successfully reloaded assembly
- Finished resetting the current domain, in 15.404 seconds
Domain Reload Profiling: 30379ms
	BeginReloadAssembly (4330ms)
		ExecutionOrderSort (0ms)
		DisableScriptedObjects (272ms)
		BackupInstance (0ms)
		ReleaseScriptingObjects (0ms)
		CreateAndSetChildDomain (289ms)
	RebuildCommonClasses (861ms)
	RebuildNativeTypeToScriptingClass (201ms)
	initialDomainReloadingComplete (1088ms)
	LoadAllAssembliesAndSetupDomain (8493ms)
		LoadAssemblies (6906ms)
		RebuildTransferFunctionScriptingTraits (0ms)
		AnalyzeDomain (4560ms)
			TypeCache.Refresh (3683ms)
				TypeCache.ScanAssembly (3467ms)
			BuildScriptInfoCaches (624ms)
			ResolveRequiredComponents (188ms)
	FinalizeReload (15406ms)
		ReleaseScriptCaches (0ms)
		RebuildScriptCaches (0ms)
		SetupLoadedEditorAssemblies (12749ms)
			LogAssemblyErrors (0ms)
			InitializePlatformSupportModulesInManaged (49ms)
			SetLoadedEditorAssemblies (31ms)
			BeforeProcessingInitializeOnLoad (1974ms)
			ProcessInitializeOnLoadAttributes (10060ms)
			ProcessInitializeOnLoadMethodAttributes (542ms)
			AfterProcessingInitializeOnLoad (92ms)
			EditorAssembliesLoaded (1ms)
		ExecutionOrderSort2 (0ms)
		AwakeInstancesAfterBackupRestoration (61ms)
Launched and connected shader compiler UnityShaderCompiler.exe after 0.40 seconds
Refreshing native plugins compatible for Editor in 11.31 ms, found 2 plugins.
Preloading 0 native plugins for Editor in 0.00 ms.
Unloading 13 Unused Serialized files (Serialized files now loaded: 0)
Unloading 4553 unused Assets / (2.6 MB). Loaded Objects now: 5268.
Memory consumption went from 112.6 MB to 109.9 MB.
Total: 95.365500 ms (FindLiveObjects: 9.955900 ms CreateObjectMapping: 1.515800 ms MarkObjects: 44.255000 ms  DeleteObjects: 39.634900 ms)

========================================================================
Received Import Request.
  Time since last request: 431196.703540 seconds.
  path: Assets/Scripts/Action Mechanics/Interactables/BowPickupable.cs
  artifactKey: Guid(1518c0ee387c902448c21fa4c13aa997) Importer(2089858483,192608db42251d675da83286b1cce702)
Start importing Assets/Scripts/Action Mechanics/Interactables/BowPickupable.cs using Guid(1518c0ee387c902448c21fa4c13aa997) Importer(2089858483,192608db42251d675da83286b1cce702) (ScriptedImporter) -> (artifact id: '000afb2543cad7e4666f9359132f7bdd') in 2.2395153 seconds
Number of updated asset objects reloaded before import = 0Number of asset objects unloaded after import = 0

========================================================================
Received Import Request.
  Time since last request: 0.000137 seconds.
  path: Assets/Animations/InteractableObjects/Door.anim
  artifactKey: Guid(5a30cf7854e5d1444b5ca5cee15c8096) Importer(815301076,1909f56bfc062723c751e8b465ee728b)
Start importing Assets/Animations/InteractableObjects/Door.anim using Guid(5a30cf7854e5d1444b5ca5cee15c8096) Importer(815301076,1909f56bfc062723c751e8b465ee728b) (PreviewImporter) -> (artifact id: 'bba0f3828d29ef01c34b580aef68a945') in 0.2357605 seconds
Number of updated asset objects reloaded before import = 0Number of asset objects unloaded after import = 1

Editor requested this worker to shutdown with reason: Scaling down because of idle timeout
AssetImportWorker is now disconnected from the server
Process exiting
Exiting without the bug reporter. Application will terminate with return code 0