"Start of log file."
"C:/Users/F690B~1.TJA/DOCUME~1/GitHub/cupicafe/cupicafe/Assets/3DMODE~1/MAINCA~1.MAX"
"Starting max loading and fbx conversion"
window = undefined
"Settings units"
"Before fbx export"
"After fbx export"
"Finished max loading and fbx conversion"
"C:/Users/F690B~1.TJA/DOCUME~1/GitHub/cupicafe/cupicafe/Assets/3DMODE~1/book.max"
"Starting max loading and fbx conversion"
window = undefined
"Settings units"
"Before fbx export"
"After fbx export"
"Finished max loading and fbx conversion"
"C:/Users/F690B~1.TJA/DOCUME~1/GitHub/cupicafe/cupicafe/Assets/3DMODE~1/BOW&AR~1.MAX"
"Starting max loading and fbx conversion"
window = undefined
"Settings units"
"Before fbx export"
"After fbx export"
"Finished max loading and fbx conversion"
